time="2019-08-14T02:48:10-07:00" level=error msg="Something failed but I'm not quitting."
time="2019-08-14T02:48:10-07:00" level=warning msg="You should probably take a look at this."
time="2019-08-14T02:48:10-07:00" level=info msg="Something noteworthy happened!"
time="2019-08-14T02:48:10-07:00" level=debug msg="Useful debugging information."
time="2019-08-14T02:48:10-07:00" level=trace msg="Something very low level."
time="2019-08-14T02:48:10-07:00" level=info msg="A cat appears" animal=cat
time="2019-08-14T02:48:10-07:00" level=info msg="I'll be logged with common and other field" animal=cat other="I also should be logged always"
time="2019-08-14T02:48:10-07:00" level=info msg="Me too" animal=cat other="I also should be logged always"
time="2019-08-14T02:49:41-07:00" level=error msg="Something failed but I'm not quitting."
time="2019-08-14T02:49:41-07:00" level=warning msg="You should probably take a look at this."
time="2019-08-14T02:49:41-07:00" level=info msg="Something noteworthy happened!"
time="2019-08-14T02:49:41-07:00" level=debug msg="Useful debugging information."
time="2019-08-14T02:49:41-07:00" level=trace msg="Something very low level."
time="2019-08-14T02:49:41-07:00" level=info msg="A cat appears" animal=cat
time="2019-08-14T02:49:41-07:00" level=info msg="I'll be logged with common and other field" animal=cat other="I also should be logged always"
time="2019-08-14T02:49:41-07:00" level=info msg="Me too" animal=cat other="I also should be logged always"
time="2019-08-14T02:51:25-07:00" level=error msg="Something failed but I'm not quitting."
time="2019-08-14T02:51:25-07:00" level=warning msg="You should probably take a look at this."
time="2019-08-14T02:51:25-07:00" level=info msg="Something noteworthy happened!"
time="2019-08-14T02:51:25-07:00" level=debug msg="Useful debugging information."
time="2019-08-14T02:51:25-07:00" level=trace msg="Something very low level."
time="2019-08-14T02:51:25-07:00" level=info msg="A cat appears" animal=cat
time="2019-08-14T02:51:25-07:00" level=info msg="I'll be logged with common and other field" animal=cat other="I also should be logged always"
time="2019-08-14T02:51:25-07:00" level=info msg="Me too" animal=cat other="I also should be logged always"
time="2019-08-14T02:53:41-07:00" level=error msg="Something failed but I'm not quitting."
time="2019-08-14T02:53:41-07:00" level=warning msg="You should probably take a look at this."
time="2019-08-14T02:53:41-07:00" level=info msg="Something noteworthy happened!"
time="2019-08-14T02:53:41-07:00" level=debug msg="Useful debugging information."
time="2019-08-14T02:53:41-07:00" level=trace msg="Something very low level."
time="2019-08-14T02:53:41-07:00" level=info msg="A cat appears" animal=cat
time="2019-08-14T02:53:41-07:00" level=info msg="I'll be logged with common and other field" animal=cat other="I also should be logged always"
time="2019-08-14T02:53:41-07:00" level=info msg="Me too" animal=cat other="I also should be logged always"
time="2019-08-14T02:57:18-07:00" level=error msg="Something failed but I'm not quitting."
time="2019-08-14T02:57:18-07:00" level=warning msg="You should probably take a look at this."
time="2019-08-14T02:57:18-07:00" level=info msg="Something noteworthy happened!"
time="2019-08-14T02:57:18-07:00" level=debug msg="Useful debugging information."
time="2019-08-14T02:57:18-07:00" level=trace msg="Something very low level."
time="2019-08-14T02:57:18-07:00" level=info msg="A cat appears" animal=cat
time="2019-08-14T02:57:18-07:00" level=info msg="I'll be logged with common and other field" animal=cat other="I also should be logged always"
time="2019-08-14T02:57:18-07:00" level=info msg="Me too" animal=cat other="I also should be logged always"
